# JRE version: 7.0_07-b11
# Java VM: Java HotSpot(TM) Client VM (23.3-b01 mixed mode, sharing windows-x86 )
Heap
 def new generation   total 4928K, used 1819K [0x24b10000, 0x25060000, 0x2a060000)
  eden space 4416K,  36% used [0x24b10000, 0x24ca0a80, 0x24f60000)
  from space 512K,  42% used [0x24fe0000, 0x25016458, 0x25060000)
  to   space 512K,   0% used [0x24f60000, 0x24f60000, 0x24fe0000)
 tenured generation   total 10944K, used 1474K [0x2a060000, 0x2ab10000, 0x34b10000)
   the space 10944K,  13% used [0x2a060000, 0x2a1d0ac8, 0x2a1d0c00, 0x2ab10000)
 compacting perm gen  total 12288K, used 1817K [0x34b10000, 0x35710000, 0x38b10000)
   the space 12288K,  14% used [0x34b10000, 0x34cd66a8, 0x34cd6800, 0x35710000)
    ro space 10240K,  42% used [0x38b10000, 0x38f4f150, 0x38f4f200, 0x39510000)
    rw space 12288K,  54% used [0x39510000, 0x39b8fad8, 0x39b8fc00, 0x3a110000)
GC Heap History (10 events):
Event: 1.460 GC heap before
{Heap before GC invocations=18 (full 0):
 def new generation   total 4928K, used 4655K [0x24b10000, 0x25060000, 0x2a060000)
  eden space 4416K, 100% used [0x24b10000, 0x24f60000, 0x24f60000)
  from space 512K,  46% used [0x24f60000, 0x24f9bdc0, 0x24fe0000)
  to   space 512K,   0% used [0x24fe0000, 0x24fe0000, 0x25060000)
 tenured generation   total 10944K, used 1360K [0x2a060000, 0x2ab10000, 0x34b10000)
   the space 10944K,  12% used [0x2a060000, 0x2a1b4138, 0x2a1b4200, 0x2ab10000)
 compacting perm gen  total 12288K, used 1554K [0x34b10000, 0x35710000, 0x38b10000)
   the space 12288K,  12% used [0x34b10000, 0x34c94b90, 0x34c94c00, 0x35710000)
    ro space 10240K,  42% used [0x38b10000, 0x38f4f150, 0x38f4f200, 0x39510000)
    rw space 12288K,  54% used [0x39510000, 0x39b8fad8, 0x39b8fc00, 0x3a110000)
Event: 1.463 GC heap after
Heap after GC invocations=19 (full 0):
 def new generation   total 4928K, used 511K [0x24b10000, 0x25060000, 0x2a060000)
  eden space 4416K,   0% used [0x24b10000, 0x24b10000, 0x24f60000)
  from space 512K,  99% used [0x24fe0000, 0x2505fce0, 0x25060000)
  to   space 512K,   0% used [0x24f60000, 0x24f60000, 0x24fe0000)
 tenured generation   total 10944K, used 1372K [0x2a060000, 0x2ab10000, 0x34b10000)
   the space 10944K,  12% used [0x2a060000, 0x2a1b7210, 0x2a1b7400, 0x2ab10000)
 compacting perm gen  total 12288K, used 1554K [0x34b10000, 0x35710000, 0x38b10000)
   the space 12288K,  12% used [0x34b10000, 0x34c94b90, 0x34c94c00, 0x35710000)
    ro space 10240K,  42% used [0x38b10000, 0x38f4f150, 0x38f4f200, 0x39510000)
    rw space 12288K,  54% used [0x39510000, 0x39b8fad8, 0x39b8fc00, 0x3a110000)
}
Event: 1.532 GC heap before
{Heap before GC invocations=19 (full 0):
 def new generation   total 4928K, used 4927K [0x24b10000, 0x25060000, 0x2a060000)
  eden space 4416K, 100% used [0x24b10000, 0x24f60000, 0x24f60000)
  from space 512K,  99% used [0x24fe0000, 0x2505fce0, 0x25060000)
  to   space 512K,   0% used [0x24f60000, 0x24f60000, 0x24fe0000)
 tenured generation   total 10944K, used 1372K [0x2a060000, 0x2ab10000, 0x34b10000)
   the space 10944K,  12% used [0x2a060000, 0x2a1b7210, 0x2a1b7400, 0x2ab10000)
 compacting perm gen  total 12288K, used 1554K [0x34b10000, 0x35710000, 0x38b10000)
   the space 12288K,  12% used [0x34b10000, 0x34c94b90, 0x34c94c00, 0x35710000)
    ro space 10240K,  42% used [0x38b10000, 0x38f4f150, 0x38f4f200, 0x39510000)
    rw space 12288K,  54% used [0x39510000, 0x39b8fad8, 0x39b8fc00, 0x3a110000)
Event: 1.535 GC heap after
Heap after GC invocations=20 (full 0):
 def new generation   total 4928K, used 311K [0x24b10000, 0x25060000, 0x2a060000)
  eden space 4416K,   0% used [0x24b10000, 0x24b10000, 0x24f60000)
  from space 512K,  60% used [0x24f60000, 0x24fadd60, 0x24fe0000)
  to   space 512K,   0% used [0x24fe0000, 0x24fe0000, 0x25060000)
 tenured generation   total 10944K, used 1474K [0x2a060000, 0x2ab10000, 0x34b10000)
   the space 10944K,  13% used [0x2a060000, 0x2a1d0ac8, 0x2a1d0c00, 0x2ab10000)
 compacting perm gen  total 12288K, used 1554K [0x34b10000, 0x35710000, 0x38b10000)
   the space 12288K,  12% used [0x34b10000, 0x34c94b90, 0x34c94c00, 0x35710000)
    ro space 10240K,  42% used [0x38b10000, 0x38f4f150, 0x38f4f200, 0x39510000)
    rw space 12288K,  54% used [0x39510000, 0x39b8fad8, 0x39b8fc00, 0x3a110000)
}
Event: 1.602 GC heap before
{Heap before GC invocations=20 (full 0):
 def new generation   total 4928K, used 4727K [0x24b10000, 0x25060000, 0x2a060000)
  eden space 4416K, 100% used [0x24b10000, 0x24f60000, 0x24f60000)
  from space 512K,  60% used [0x24f60000, 0x24fadd60, 0x24fe0000)
  to   space 512K,   0% used [0x24fe0000, 0x24fe0000, 0x25060000)
 tenured generation   total 10944K, used 1474K [0x2a060000, 0x2ab10000, 0x34b10000)
   the space 10944K,  13% used [0x2a060000, 0x2a1d0ac8, 0x2a1d0c00, 0x2ab10000)
 compacting perm gen  total 12288K, used 1554K [0x34b10000, 0x35710000, 0x38b10000)
   the space 12288K,  12% used [0x34b10000, 0x34c94b90, 0x34c94c00, 0x35710000)
    ro space 10240K,  42% used [0x38b10000, 0x38f4f150, 0x38f4f200, 0x39510000)
    rw space 12288K,  54% used [0x39510000, 0x39b8fad8, 0x39b8fc00, 0x3a110000)
Event: 1.604 GC heap after
Heap after GC invocations=21 (full 0):
 def new generation   total 4928K, used 175K [0x24b10000, 0x25060000, 0x2a060000)
  eden space 4416K,   0% used [0x24b10000, 0x24b10000, 0x24f60000)
  from space 512K,  34% used [0x24fe0000, 0x2500bcb0, 0x25060000)
  to   space 512K,   0% used [0x24f60000, 0x24f60000, 0x24fe0000)
 tenured generation   total 10944K, used 1474K [0x2a060000, 0x2ab10000, 0x34b10000)
   the space 10944K,  13% used [0x2a060000, 0x2a1d0ac8, 0x2a1d0c00, 0x2ab10000)
 compacting perm gen  total 12288K, used 1554K [0x34b10000, 0x35710000, 0x38b10000)
   the space 12288K,  12% used [0x34b10000, 0x34c94b90, 0x34c94c00, 0x35710000)
    ro space 10240K,  42% used [0x38b10000, 0x38f4f150, 0x38f4f200, 0x39510000)
    rw space 12288K,  54% used [0x39510000, 0x39b8fad8, 0x39b8fc00, 0x3a110000)
}
Event: 1.649 GC heap before
{Heap before GC invocations=21 (full 0):
 def new generation   total 4928K, used 4591K [0x24b10000, 0x25060000, 0x2a060000)
  eden space 4416K, 100% used [0x24b10000, 0x24f60000, 0x24f60000)
  from space 512K,  34% used [0x24fe0000, 0x2500bcb0, 0x25060000)
  to   space 512K,   0% used [0x24f60000, 0x24f60000, 0x24fe0000)
 tenured generation   total 10944K, used 1474K [0x2a060000, 0x2ab10000, 0x34b10000)
   the space 10944K,  13% used [0x2a060000, 0x2a1d0ac8, 0x2a1d0c00, 0x2ab10000)
 compacting perm gen  total 12288K, used 1554K [0x34b10000, 0x35710000, 0x38b10000)
   the space 12288K,  12% used [0x34b10000, 0x34c94b90, 0x34c94c00, 0x35710000)
    ro space 10240K,  42% used [0x38b10000, 0x38f4f150, 0x38f4f200, 0x39510000)
    rw space 12288K,  54% used [0x39510000, 0x39b8fad8, 0x39b8fc00, 0x3a110000)
Event: 1.651 GC heap after
Heap after GC invocations=22 (full 0):
 def new generation   total 4928K, used 215K [0x24b10000, 0x25060000, 0x2a060000)
  eden space 4416K,   0% used [0x24b10000, 0x24b10000, 0x24f60000)
  from space 512K,  42% used [0x24f60000, 0x24f95e68, 0x24fe0000)
  to   space 512K,   0% used [0x24fe0000, 0x24fe0000, 0x25060000)
 tenured generation   total 10944K, used 1474K [0x2a060000, 0x2ab10000, 0x34b10000)
   the space 10944K,  13% used [0x2a060000, 0x2a1d0ac8, 0x2a1d0c00, 0x2ab10000)
 compacting perm gen  total 12288K, used 1554K [0x34b10000, 0x35710000, 0x38b10000)
   the space 12288K,  12% used [0x34b10000, 0x34c94b90, 0x34c94c00, 0x35710000)
    ro space 10240K,  42% used [0x38b10000, 0x38f4f150, 0x38f4f200, 0x39510000)
    rw space 12288K,  54% used [0x39510000, 0x39b8fad8, 0x39b8fc00, 0x3a110000)
}
Event: 1.697 GC heap before
{Heap before GC invocations=22 (full 0):
 def new generation   total 4928K, used 4631K [0x24b10000, 0x25060000, 0x2a060000)
  eden space 4416K, 100% used [0x24b10000, 0x24f60000, 0x24f60000)
  from space 512K,  42% used [0x24f60000, 0x24f95e68, 0x24fe0000)
  to   space 512K,   0% used [0x24fe0000, 0x24fe0000, 0x25060000)
 tenured generation   total 10944K, used 1474K [0x2a060000, 0x2ab10000, 0x34b10000)
   the space 10944K,  13% used [0x2a060000, 0x2a1d0ac8, 0x2a1d0c00, 0x2ab10000)
 compacting perm gen  total 12288K, used 1554K [0x34b10000, 0x35710000, 0x38b10000)
   the space 12288K,  12% used [0x34b10000, 0x34c94b90, 0x34c94c00, 0x35710000)
    ro space 10240K,  42% used [0x38b10000, 0x38f4f150, 0x38f4f200, 0x39510000)
    rw space 12288K,  54% used [0x39510000, 0x39b8fad8, 0x39b8fc00, 0x3a110000)
Event: 1.699 GC heap after
Heap after GC invocations=23 (full 0):
 def new generation   total 4928K, used 217K [0x24b10000, 0x25060000, 0x2a060000)
  eden space 4416K,   0% used [0x24b10000, 0x24b10000, 0x24f60000)
  from space 512K,  42% used [0x24fe0000, 0x25016458, 0x25060000)
  to   space 512K,   0% used [0x24f60000, 0x24f60000, 0x24fe0000)
 tenured generation   total 10944K, used 1474K [0x2a060000, 0x2ab10000, 0x34b10000)
   the space 10944K,  13% used [0x2a060000, 0x2a1d0ac8, 0x2a1d0c00, 0x2ab10000)
 compacting perm gen  total 12288K, used 1554K [0x34b10000, 0x35710000, 0x38b10000)
   the space 12288K,  12% used [0x34b10000, 0x34c94b90, 0x34c94c00, 0x35710000)
    ro space 10240K,  42% used [0x38b10000, 0x38f4f150, 0x38f4f200, 0x39510000)
    rw space 12288K,  54% used [0x39510000, 0x39b8fad8, 0x39b8fc00, 0x3a110000)
}

